============================= test session starts ==============================
platform linux -- Python 3.12.3, pytest-8.3.4, pluggy-1.6.0 -- /home/eliezer/lunt/venv/bin/python3
cachedir: .pytest_cache
rootdir: /home/eliezer/lunt
configfile: pyproject.toml
plugins: asyncio-0.24.0, anyio-4.11.0
asyncio: mode=Mode.STRICT, default_loop_scope=function
collecting ... collected 5 items

api/tests/test_preview.py::test_preview_endpoint_not_found FAILED        [ 20%]
api/tests/test_preview.py::test_health_endpoint PASSED                   [ 40%]
api/tests/test_pricing_engine.py::test_get_latest_price PASSED           [ 60%]
api/tests/test_pricing_engine.py::test_pricing_engine_missing_price PASSED [ 80%]
api/tests/test_pricing_engine.py::test_build_base_preview PASSED         [100%]

=================================== FAILURES ===================================
_______________________ test_preview_endpoint_not_found ________________________

    @pytest.mark.asyncio
    async def test_preview_endpoint_not_found():
        """Test preview endpoint with non-existent concept"""
        async with AsyncClient(
            transport=ASGITransport(app=app), base_url="http://test"
        ) as client:
            response = await client.post(
                "/v1/preview",
                json={
                    "concept_code": "NONEXISTENT",
                    "location_code": "MX-CDMX",
                },
            )
>           assert response.status_code == 404
E           assert 500 == 404
E            +  where 500 = <Response [500 Internal Server Error]>.status_code

api/tests/test_preview.py:20: AssertionError
=========================== short test summary info ============================
FAILED api/tests/test_preview.py::test_preview_endpoint_not_found - assert 500 == 404
 +  where 500 = <Response [500 Internal Server Error]>.status_code
========================= 1 failed, 4 passed in 0.88s ==========================
